<?xml version="1.0" encoding="UTF-8"?>
<testng-results ignored="0" total="1" passed="1" failed="0" skipped="0">
  <reporter-output>
  </reporter-output>
  <suite started-at="2024-03-20T17:13:29 IST" name="Default suite" finished-at="2024-03-20T17:13:54 IST" duration-ms="24986">
    <groups>
    </groups>
    <test started-at="2024-03-20T17:13:29 IST" name="Default test" finished-at="2024-03-20T17:13:54 IST" duration-ms="24986">
      <class name="assessment.TestClass">
        <test-method is-config="true" signature="launch()[pri:0, instance:assessment.TestClass@769f71a9]" started-at="2024-03-20T17:13:29 IST" name="launch" finished-at="2024-03-20T17:13:33 IST" duration-ms="3986" status="PASS">
          <reporter-output>
          </reporter-output>
        </test-method> <!-- launch -->
        <test-method signature="Register()[pri:0, instance:assessment.TestClass@769f71a9]" started-at="2024-03-20T17:13:33 IST" name="Register" finished-at="2024-03-20T17:13:53 IST" duration-ms="20726" status="PASS">
          <reporter-output>
          </reporter-output>
        </test-method> <!-- Register -->
        <test-method is-config="true" signature="closeBrowser()[pri:0, instance:assessment.TestClass@769f71a9]" started-at="2024-03-20T17:13:53 IST" name="closeBrowser" finished-at="2024-03-20T17:13:54 IST" duration-ms="261" status="PASS">
          <reporter-output>
          </reporter-output>
        </test-method> <!-- closeBrowser -->
      </class> <!-- assessment.TestClass -->
    </test> <!-- Default test -->
  </suite> <!-- Default suite -->
</testng-results>
